<?xml version="1.0" encoding="UTF-8"?>
<!-- Generated by org.testng.reporters.JUnitReportReporter -->
<testsuite hostname="XAV-502000135" failures="0" tests="2" name="pckg1.Bus" time="0.004" errors="0" timestamp="30 Jul 2019 19:47:36 GMT" skipped="0">
  <testcase classname="pckg1.Bus" name="homePage" time="0.003"/>
  <testcase classname="pckg1.Bus" name="logout" time="0.001"/>
</testsuite> <!-- pckg1.Bus -->
