<?xml version="1.0" encoding="UTF-8"?>
<!-- Generated by org.testng.reporters.JUnitReportReporter -->
<testsuite hostname="XAV-502000135" failures="0" tests="1" name="pckg1.beginAuto" time="0.001" errors="0" timestamp="30 Jul 2019 19:47:36 GMT" skipped="0">
  <testcase classname="pckg1.beginAuto" name="autoMobile" time="0.001"/>
</testsuite> <!-- pckg1.beginAuto -->
