<?xml version="1.0" encoding="UTF-8"?>
<!-- Generated by org.testng.reporters.JUnitReportReporter -->
<testsuite hostname="XAV-502000135" failures="0" tests="3" name="pckg1.Car" time="0.003" errors="0" timestamp="30 Jul 2019 19:47:36 GMT" skipped="0">
  <testcase classname="pckg1.Car" name="login" time="0.001"/>
  <testcase classname="pckg1.Car" name="homePage" time="0.001"/>
  <testcase classname="pckg1.Car" name="logout" time="0.001"/>
</testsuite> <!-- pckg1.Car -->
