<?xml version="1.0" encoding="UTF-8"?>
<!-- Generated by org.testng.reporters.JUnitReportReporter -->
<testsuite hostname="XAV-502000135" failures="0" tests="2" name="testng_pckg.first" time="0.003" errors="0" timestamp="30 Jul 2019 19:47:36 GMT" skipped="0">
  <testcase classname="testng_pckg.first" name="demo2" time="0.002"/>
  <testcase classname="testng_pckg.first" name="demo" time="0.001"/>
</testsuite> <!-- testng_pckg.first -->
